   Compiling proc-macro2 v1.0.95
   Compiling unicode-ident v1.0.18
   Compiling libc v0.2.174
   Compiling cfg-if v1.0.1
   Compiling once_cell v1.21.3
   Compiling autocfg v1.5.0
   Compiling pin-project-lite v0.2.16
   Compiling memchr v2.7.5
   Compiling shlex v1.3.0
   Compiling itoa v1.0.15
   Compiling log v0.4.27
   Compiling smallvec v1.15.1
   Compiling bytes v1.10.1
   Compiling futures-core v0.3.31
   Compiling parking_lot_core v0.9.11
   Compiling scopeguard v1.2.0
   Compiling fnv v1.0.7
   Compiling futures-sink v0.3.31
   Compiling slab v0.4.10
   Compiling serde v1.0.219
   Compiling futures-task v0.3.31
   Compiling pin-utils v0.1.0
   Compiling futures-io v0.3.31
   Compiling version_check v0.9.5
   Compiling ryu v1.0.20
   Compiling pkg-config v0.3.32
   Compiling zerocopy v0.8.26
   Compiling bitflags v2.9.1
   Compiling foldhash v0.1.5
   Compiling getrandom v0.3.3
   Compiling serde_json v1.0.141
   Compiling httparse v1.10.1
   Compiling stable_deref_trait v1.2.0
   Compiling equivalent v1.0.2
   Compiling percent-encoding v2.3.1
   Compiling tower-service v0.3.3
   Compiling target-lexicon v0.12.16
   Compiling untrusted v0.9.0
   Compiling httpdate v1.0.3
   Compiling crossbeam-utils v0.8.21
   Compiling try-lock v0.2.5
   Compiling zeroize v1.8.1
   Compiling openssl-probe v0.1.6
   Compiling regex-syntax v0.8.5
   Compiling dunce v1.0.5
   Compiling thiserror v2.0.12
   Compiling base64 v0.22.1
   Compiling fs_extra v1.3.0
   Compiling vcpkg v0.2.15
   Compiling typenum v1.18.0
   Compiling writeable v0.6.1
   Compiling base64 v0.21.7
   Compiling thiserror v1.0.69
   Compiling litemap v0.8.0
   Compiling aws-lc-rs v1.13.3
   Compiling icu_properties_data v2.0.1
   Compiling icu_normalizer_data v2.0.0
   Compiling ucd-trie v0.1.7
   Compiling iana-time-zone v0.1.63
   Compiling strsim v0.11.1
   Compiling tower-layer v0.3.3
   Compiling either v1.15.0
   Compiling atomic-waker v1.1.2
   Compiling mime v0.3.17
   Compiling rustls v0.21.12
   Compiling schemars v0.8.22
   Compiling openssl v0.10.73
   Compiling k8s-openapi v0.21.1
   Compiling foreign-types-shared v0.1.1
   Compiling heck v0.5.0
   Compiling ident_case v1.0.1
   Compiling powerfmt v0.2.0
   Compiling utf8parse v0.2.2
   Compiling crc32fast v1.5.0
   Compiling syn v1.0.109
   Compiling native-tls v0.2.14
   Compiling rustls v0.23.31
   Compiling ipnet v2.11.0
   Compiling local-waker v0.1.4
   Compiling dyn-clone v1.0.20
   Compiling zstd-safe v7.2.4
   Compiling alloc-no-stdlib v2.0.4
   Compiling time-core v0.1.4
   Compiling num-conv v0.1.0
   Compiling unsafe-libyaml v0.2.11
   Compiling regex-lite v0.1.6
   Compiling tracing-core v0.1.34
   Compiling colorchoice v1.0.4
   Compiling subtle v2.6.1
   Compiling anstyle v1.0.11
   Compiling is_terminal_polyfill v1.70.1
   Compiling unicode-xid v0.2.6
   Compiling utf8_iter v1.0.4
   Compiling regex-syntax v0.6.29
   Compiling adler2 v2.0.1
   Compiling anstyle-query v1.1.3
   Compiling allocator-api2 v0.2.21
   Compiling http-range-header v0.3.1
   Compiling lazy_static v1.5.0
   Compiling cpufeatures v0.2.17
   Compiling clap_lex v0.7.5
   Compiling overload v0.1.1
   Compiling home v0.5.11
   Compiling rayon-core v1.12.1
   Compiling iri-string v0.7.8
   Compiling ciborium-io v0.2.2
   Compiling sketches-ddsketch v0.3.0
   Compiling language-tags v0.3.2
   Compiling plotters-backend v0.3.7
   Compiling cast v0.3.0
   Compiling impl-more v0.1.9
   Compiling same-file v1.0.6
   Compiling indoc v2.0.6
   Compiling unindent v0.2.4
   Compiling oorandom v11.1.5
   Compiling anes v0.1.6
   Compiling foreign-types v0.3.2
   Compiling anstyle-parse v0.2.7
   Compiling alloc-stdlib v0.2.2
   Compiling want v0.3.1
   Compiling nu-ansi-term v0.46.0
   Compiling form_urlencoded v1.2.1
   Compiling deranged v0.4.0
   Compiling walkdir v2.5.0
   Compiling sharded-slab v0.1.7
   Compiling hashbrown v0.15.4
   Compiling sync_wrapper v1.0.2
   Compiling itertools v0.10.5
   Compiling rustls-pki-types v1.12.0
   Compiling pem v3.0.5
   Compiling rustls-pemfile v1.0.4
   Compiling aho-corasick v1.1.3
   Compiling instant v0.1.13
   Compiling encoding_rs v0.8.35
   Compiling half v2.6.0
   Compiling thread_local v1.1.9
   Compiling plotters-svg v0.3.7
   Compiling bytestring v1.4.0
   Compiling actix-service v2.0.3
   Compiling tracing v0.1.41
   Compiling http v0.2.12
   Compiling http v1.3.1
   Compiling miniz_oxide v0.8.9
   Compiling anstream v0.6.19
   Compiling futures-channel v0.3.31
   Compiling actix-utils v3.0.1
   Compiling local-channel v0.1.5
   Compiling raw-cpuid v11.5.0
   Compiling brotli-decompressor v5.0.0
   Compiling regex-automata v0.1.10
   Compiling indexmap v2.10.0
   Compiling rustls-native-certs v0.8.1
   Compiling rustls-native-certs v0.6.3
   Compiling criterion-plot v0.5.0
   Compiling crossbeam-epoch v0.9.18
   Compiling crossbeam-channel v0.5.15
   Compiling jobserver v0.1.33
   Compiling mio v1.0.4
   Compiling socket2 v0.6.0
   Compiling signal-hook-registry v1.4.5
   Compiling getrandom v0.2.16
   Compiling socket2 v0.5.10
   Compiling is-terminal v0.4.16
   Compiling regex-automata v0.4.9
   Compiling ppv-lite86 v0.2.21
   Compiling lock_api v0.4.13
   Compiling num-traits v0.2.19
   Compiling memoffset v0.9.1
   Compiling ciborium-ll v0.2.2
   Compiling quote v1.0.40
   Compiling actix-router v0.5.3
   Compiling time-macros v0.2.22
   Compiling http-body v1.0.1
   Compiling http-body v0.4.6
   Compiling ahash v0.8.12
   Compiling generic-array v0.14.7
   Compiling cookie v0.16.2
   Compiling flate2 v1.1.2
   Compiling clap_builder v4.5.42
   Compiling tracing-log v0.2.0
   Compiling quanta v0.12.6
   Compiling brotli v8.0.1
   Compiling matchers v0.1.0
   Compiling crossbeam-deque v0.8.6
   Compiling cc v1.2.30
   Compiling rand_core v0.9.3
   Compiling rand_core v0.6.4
   Compiling pyo3-build-config v0.22.6
   Compiling regex v1.11.1
   Compiling syn v2.0.104
   Compiling http-body-util v0.1.3
   Compiling time v0.3.41
   Compiling rand_chacha v0.3.1
   Compiling parking_lot v0.12.4
   Compiling rand_chacha v0.9.0
   Compiling rand_xoshiro v0.7.0
   Compiling cmake v0.1.54
   Compiling ordered-float v2.10.1
   Compiling plotters v0.3.7
   Compiling hashbrown v0.14.5
   Compiling metrics v0.24.2
   Compiling crypto-common v0.1.6
   Compiling block-buffer v0.10.4
   Compiling synstructure v0.13.2
   Compiling serde_derive_internals v0.29.1
   Compiling darling_core v0.20.11
   Compiling rand v0.8.5
   Compiling rayon v1.10.0
   Compiling rand v0.9.2
   Compiling ring v0.17.14
   Compiling openssl-sys v0.9.109
   Compiling zstd-sys v2.0.15+zstd.1.5.7
   Compiling dashmap v6.1.0
   Compiling digest v0.10.7
   Compiling aws-lc-sys v0.30.0
   Compiling derivative v2.2.0
   Compiling tokio-macros v2.5.0
   Compiling serde_derive v1.0.219
   Compiling tracing-attributes v0.1.30
   Compiling futures-macro v0.3.31
   Compiling zerovec-derive v0.11.1
   Compiling displaydoc v0.2.5
   Compiling thiserror-impl v2.0.12
   Compiling thiserror-impl v1.0.69
   Compiling openssl-macros v0.1.1
   Compiling pin-project-internal v1.1.10
   Compiling derive_more-impl v2.0.1
   Compiling async-trait v0.1.88
   Compiling clap_derive v4.5.41
   Compiling actix-macros v0.2.4
   Compiling actix-web-codegen v4.3.0
   Compiling backoff v0.4.0
   Compiling metrics-util v0.20.0
   Compiling zerofrom-derive v0.1.6
   Compiling yoke-derive v0.8.0
   Compiling sha1 v0.10.6
   Compiling schemars_derive v0.8.22
   Compiling darling_macro v0.20.11
   Compiling pyo3-macros-backend v0.22.6
   Compiling pyo3-ffi v0.22.6
   Compiling pyo3 v0.22.6
   Compiling futures-util v0.3.31
   Compiling tokio v1.47.0
   Compiling darling v0.20.11
   Compiling pin-project v1.1.10
   Compiling zerofrom v0.1.6
   Compiling clap v4.5.42
   Compiling derive_more v2.0.1
   Compiling pest v2.8.1
   Compiling yoke v0.8.0
   Compiling kube-derive v0.88.1
   Compiling zerovec v0.11.2
   Compiling zerotrie v0.2.2
   Compiling chrono v0.4.41
   Compiling serde-value v0.7.0
   Compiling secrecy v0.8.0
   Compiling serde_yaml v0.9.34+deprecated
   Compiling serde_urlencoded v0.7.1
   Compiling tracing-serde v0.2.0
   Compiling ciborium v0.2.2
   Compiling uuid v1.17.0
   Compiling pest_meta v2.8.1
   Compiling futures-executor v0.3.31
   Compiling tower-http v0.4.4
   Compiling sct v0.7.1
   Compiling rustls-webpki v0.101.7
   Compiling tokio-util v0.7.15
   Compiling tinystr v0.8.1
   Compiling potential_utf v0.1.2
   Compiling hyper v0.14.32
   Compiling pest_generator v2.8.1
   Compiling json-patch v1.4.0
   Compiling tokio-io-timeout v1.2.1
   Compiling futures v0.3.31
   Compiling actix-rt v2.10.0
   Compiling tower v0.5.2
   Compiling tracing-subscriber v0.3.19
   Compiling pyo3-macros v0.22.6
   Compiling tinytemplate v1.2.1
   Compiling tokio-stream v0.1.17
   Compiling icu_collections v2.0.0
   Compiling icu_locale_core v2.0.0
   Compiling h2 v0.4.11
   Compiling tower v0.4.13
   Compiling h2 v0.3.27
   Compiling actix-codec v0.5.2
   Compiling zstd v0.13.3
   Compiling tokio-rustls v0.24.1
   Compiling actix-server v2.6.0
   Compiling criterion v0.5.1
   Compiling tower-http v0.6.6
   Compiling hyper-timeout v0.4.1
   Compiling tracing-appender v0.2.3
   Compiling pest_derive v2.8.1
   Compiling icu_provider v2.0.0
   Compiling hyper-rustls v0.24.2
   Compiling kube-core v0.88.1
   Compiling hyper v1.6.0
   Compiling actix-http v3.11.0
   Compiling icu_normalizer v2.0.0
   Compiling icu_properties v2.0.1
   Compiling idna_adapter v1.2.1
   Compiling hyper-util v0.1.16
   Compiling jsonpath-rust v0.4.0
   Compiling idna v1.0.3
   Compiling url v2.5.4
   Compiling kube-client v0.88.1
   Compiling actix-web v4.11.0
   Compiling kube-runtime v0.88.1
   Compiling tokio-native-tls v0.3.1
   Compiling hyper-tls v0.6.0
   Compiling kube v0.88.1
   Compiling reqwest v0.12.22
   Compiling rustls-webpki v0.103.4
   Compiling tokio-rustls v0.26.2
   Compiling hyper-rustls v0.27.7
   Compiling metrics-exporter-prometheus v0.17.2
   Compiling sglang_router_rs v0.0.0 (/nas/ganluo/sglang/sgl-router)
error[E0063]: missing field `request_tracking` in initializer of `config::types::RouterConfig`
   --> src/config/types.rs:288:22
    |
288 |         let config = RouterConfig {
    |                      ^^^^^^^^^^^^ missing `request_tracking`

error[E0063]: missing field `request_tracking` in initializer of `config::types::RouterConfig`
   --> src/config/types.rs:684:22
    |
684 |         let config = RouterConfig {
    |                      ^^^^^^^^^^^^ missing `request_tracking`

error[E0063]: missing field `request_tracking` in initializer of `config::types::RouterConfig`
   --> src/config/types.rs:729:22
    |
729 |         let config = RouterConfig {
    |                      ^^^^^^^^^^^^ missing `request_tracking`

error[E0063]: missing field `request_tracking` in initializer of `config::types::RouterConfig`
   --> src/config/types.rs:776:22
    |
776 |         let config = RouterConfig {
    |                      ^^^^^^^^^^^^ missing `request_tracking`

error[E0061]: this function takes 2 arguments but 1 argument was supplied
   --> src/policies/marginal_utility.rs:326:22
    |
326 |             Box::new(BasicWorker::new("http://w1:8000".to_string())),
    |                      ^^^^^^^^^^^^^^^^------------------------------ argument #2 of type `worker::WorkerType` is missing
    |
note: associated function defined here
   --> src/core/worker.rs:140:12
    |
140 |     pub fn new(url: String, worker_type: WorkerType) -> Self {
    |            ^^^              -----------------------
help: provide the argument
    |
326 |             Box::new(BasicWorker::new("http://w1:8000".to_string(), /* worker::WorkerType */)),
    |                                                                   ++++++++++++++++++++++++++

error[E0061]: this function takes 2 arguments but 1 argument was supplied
   --> src/policies/marginal_utility.rs:327:22
    |
327 |             Box::new(BasicWorker::new("http://w2:8000".to_string())),
    |                      ^^^^^^^^^^^^^^^^------------------------------ argument #2 of type `worker::WorkerType` is missing
    |
note: associated function defined here
   --> src/core/worker.rs:140:12
    |
140 |     pub fn new(url: String, worker_type: WorkerType) -> Self {
    |            ^^^              -----------------------
help: provide the argument
    |
327 |             Box::new(BasicWorker::new("http://w2:8000".to_string(), /* worker::WorkerType */)),
    |                                                                   ++++++++++++++++++++++++++

error[E0599]: no method named `on_request_complete_v2` found for struct `marginal_utility::MarginalUtilityPolicy` in the current scope
   --> src/policies/marginal_utility.rs:354:20
    |
60  | pub struct MarginalUtilityPolicy {
    | -------------------------------- method `on_request_complete_v2` not found for this struct
...
354 |             policy.on_request_complete_v2(&metrics);
    |                    ^^^^^^^^^^^^^^^^^^^^^^
    |
   ::: src/policies/mod.rs:92:8
    |
92  |     fn on_request_complete_v2(&self, metrics: &RequestMetrics) {
    |        ---------------------- the method is available for `marginal_utility::MarginalUtilityPolicy` here
    |
    = help: items from traits can only be used if the trait is in scope
help: there is a method `on_request_complete` with a similar name, but with different arguments
   --> src/policies/mod.rs:59:5
    |
59  |     fn on_request_complete(&self, _worker_url: &str, _success: bool) {
    |     ^^^^^^^^^^^^^^^^^^^^^^^^^^^^^^^^^^^^^^^^^^^^^^^^^^^^^^^^^^^^^^^^
help: trait `LoadBalancingPolicyV2` which provides `on_request_complete_v2` is implemented but not in scope; perhaps you want to import it
    |
294 +     use crate::policies::LoadBalancingPolicyV2;
    |

error[E0061]: this function takes 2 arguments but 1 argument was supplied
   --> src/policies/marginal_utility.rs:380:22
    |
380 |             Box::new(BasicWorker::new("http://w1:8000".to_string())),
    |                      ^^^^^^^^^^^^^^^^------------------------------ argument #2 of type `worker::WorkerType` is missing
    |
note: associated function defined here
   --> src/core/worker.rs:140:12
    |
140 |     pub fn new(url: String, worker_type: WorkerType) -> Self {
    |            ^^^              -----------------------
help: provide the argument
    |
380 |             Box::new(BasicWorker::new("http://w1:8000".to_string(), /* worker::WorkerType */)),
    |                                                                   ++++++++++++++++++++++++++

error[E0061]: this function takes 2 arguments but 1 argument was supplied
   --> src/policies/marginal_utility.rs:381:22
    |
381 |             Box::new(BasicWorker::new("http://w2:8000".to_string())),
    |                      ^^^^^^^^^^^^^^^^------------------------------ argument #2 of type `worker::WorkerType` is missing
    |
note: associated function defined here
   --> src/core/worker.rs:140:12
    |
140 |     pub fn new(url: String, worker_type: WorkerType) -> Self {
    |            ^^^              -----------------------
help: provide the argument
    |
381 |             Box::new(BasicWorker::new("http://w2:8000".to_string(), /* worker::WorkerType */)),
    |                                                                   ++++++++++++++++++++++++++

error[E0599]: no method named `on_request_complete_v2` found for struct `marginal_utility::MarginalUtilityPolicy` in the current scope
   --> src/policies/marginal_utility.rs:387:20
    |
60  | pub struct MarginalUtilityPolicy {
    | -------------------------------- method `on_request_complete_v2` not found for this struct
...
387 |             policy.on_request_complete_v2(&metrics);
    |                    ^^^^^^^^^^^^^^^^^^^^^^
    |
   ::: src/policies/mod.rs:92:8
    |
92  |     fn on_request_complete_v2(&self, metrics: &RequestMetrics) {
    |        ---------------------- the method is available for `marginal_utility::MarginalUtilityPolicy` here
    |
    = help: items from traits can only be used if the trait is in scope
help: there is a method `on_request_complete` with a similar name, but with different arguments
   --> src/policies/mod.rs:59:5
    |
59  |     fn on_request_complete(&self, _worker_url: &str, _success: bool) {
    |     ^^^^^^^^^^^^^^^^^^^^^^^^^^^^^^^^^^^^^^^^^^^^^^^^^^^^^^^^^^^^^^^^
help: trait `LoadBalancingPolicyV2` which provides `on_request_complete_v2` is implemented but not in scope; perhaps you want to import it
    |
294 +     use crate::policies::LoadBalancingPolicyV2;
    |

error[E0061]: this function takes 2 arguments but 1 argument was supplied
   --> src/policies/marginal_utility.rs:408:22
    |
408 |             Box::new(BasicWorker::new("http://p1:8000".to_string())),
    |                      ^^^^^^^^^^^^^^^^------------------------------ argument #2 of type `worker::WorkerType` is missing
    |
note: associated function defined here
   --> src/core/worker.rs:140:12
    |
140 |     pub fn new(url: String, worker_type: WorkerType) -> Self {
    |            ^^^              -----------------------
help: provide the argument
    |
408 |             Box::new(BasicWorker::new("http://p1:8000".to_string(), /* worker::WorkerType */)),
    |                                                                   ++++++++++++++++++++++++++

error[E0061]: this function takes 2 arguments but 1 argument was supplied
   --> src/policies/marginal_utility.rs:409:22
    |
409 |             Box::new(BasicWorker::new("http://p2:8000".to_string())),
    |                      ^^^^^^^^^^^^^^^^------------------------------ argument #2 of type `worker::WorkerType` is missing
    |
note: associated function defined here
   --> src/core/worker.rs:140:12
    |
140 |     pub fn new(url: String, worker_type: WorkerType) -> Self {
    |            ^^^              -----------------------
help: provide the argument
    |
409 |             Box::new(BasicWorker::new("http://p2:8000".to_string(), /* worker::WorkerType */)),
    |                                                                   ++++++++++++++++++++++++++

error[E0061]: this function takes 2 arguments but 1 argument was supplied
   --> src/policies/marginal_utility.rs:413:22
    |
413 |             Box::new(BasicWorker::new("http://d1:8000".to_string())),
    |                      ^^^^^^^^^^^^^^^^------------------------------ argument #2 of type `worker::WorkerType` is missing
    |
note: associated function defined here
   --> src/core/worker.rs:140:12
    |
140 |     pub fn new(url: String, worker_type: WorkerType) -> Self {
    |            ^^^              -----------------------
help: provide the argument
    |
413 |             Box::new(BasicWorker::new("http://d1:8000".to_string(), /* worker::WorkerType */)),
    |                                                                   ++++++++++++++++++++++++++

error[E0061]: this function takes 2 arguments but 1 argument was supplied
   --> src/policies/marginal_utility.rs:414:22
    |
414 |             Box::new(BasicWorker::new("http://d2:8000".to_string())),
    |                      ^^^^^^^^^^^^^^^^------------------------------ argument #2 of type `worker::WorkerType` is missing
    |
note: associated function defined here
   --> src/core/worker.rs:140:12
    |
140 |     pub fn new(url: String, worker_type: WorkerType) -> Self {
    |            ^^^              -----------------------
help: provide the argument
    |
414 |             Box::new(BasicWorker::new("http://d2:8000".to_string(), /* worker::WorkerType */)),
    |                                                                   ++++++++++++++++++++++++++

error[E0063]: missing field `request_tracker` in initializer of `router::Router`
    --> src/routers/router.rs:1034:9
     |
1034 |         Router {
     |         ^^^^^^ missing `request_tracker`

Some errors have detailed explanations: E0061, E0063, E0599.
For more information about an error, try `rustc --explain E0061`.
error: could not compile `sglang_router_rs` (lib test) due to 15 previous errors
warning: build failed, waiting for other jobs to finish...
